info: 서버가 http://localhost:3000 에서 실행 중 입니다. {"timestamp":"2025-07-23T07:36:02.081Z"}
info: 서버가 http://localhost:3000 에서 실행 중 입니다. {"timestamp":"2025-07-23T07:36:12.107Z"}
info: 서버가 http://localhost:3000 에서 실행 중 입니다. {"timestamp":"2025-07-23T07:36:34.581Z"}
info: 서버가 http://localhost:3000 에서 실행 중 입니다. {"timestamp":"2025-07-23T07:36:36.173Z"}
info: 서버가 http://localhost:3000 에서 실행 중 입니다. {"timestamp":"2025-07-23T07:51:38.060Z"}
info: GET / - 404 (6ms) {"timestamp":"2025-07-23T07:51:58.867Z"}
info: GET / - 404 (1ms) {"timestamp":"2025-07-23T07:51:59.161Z"}
info: 서버가 http://localhost:3000 에서 실행 중 입니다. {"timestamp":"2025-07-23T10:22:25.308Z"}
info: GET / - 404 (12ms) {"timestamp":"2025-07-23T10:23:31.886Z"}
info: GET / - 404 (3ms) {"timestamp":"2025-07-23T10:23:32.887Z"}
info: 서버가 http://localhost:3000 에서 실행 중 입니다. {"timestamp":"2025-07-23T10:23:59.731Z"}
info: GET / - 404 (11ms) {"timestamp":"2025-07-23T10:24:08.533Z"}
info: GET / - 404 (2ms) {"timestamp":"2025-07-23T10:24:09.458Z"}
info: GET / - 404 (2ms) {"timestamp":"2025-07-23T10:32:44.617Z"}
info: GET / - 404 (1ms) {"timestamp":"2025-07-23T10:32:50.397Z"}
info: GET /favicon.ico - 404 (3ms) {"timestamp":"2025-07-23T10:35:31.067Z"}
info: 서버가 http://localhost:3000 에서 실행 중 입니다. {"timestamp":"2025-07-23T11:05:12.266Z"}
info: 서버가 http://localhost:3000 에서 실행 중 입니다. {"timestamp":"2025-07-23T11:05:36.165Z"}
info: 서버가 http://localhost:3000 에서 실행 중 입니다. {"timestamp":"2025-07-23T11:50:56.698Z"}
info: 서버가 http://localhost:3000 에서 실행 중 입니다. {"timestamp":"2025-07-23T11:51:17.820Z"}
info: 서버가 http://localhost:3000 에서 실행 중 입니다. {"timestamp":"2025-07-23T11:51:19.598Z"}
info: 서버가 http://localhost:3000 에서 실행 중 입니다. {"timestamp":"2025-07-23T11:51:23.923Z"}
info: 서버가 http://localhost:3000 에서 실행 중 입니다. {"timestamp":"2025-07-23T11:51:25.424Z"}
info: 서버가 http://localhost:3000 에서 실행 중 입니다. {"timestamp":"2025-07-23T11:53:07.066Z"}
info: 서버가 http://localhost:3000 에서 실행 중 입니다. {"timestamp":"2025-07-23T11:53:15.435Z"}
info: 서버가 http://localhost:3000 에서 실행 중 입니다. {"timestamp":"2025-07-23T11:54:17.627Z"}
info: GET /?level=A1 - 200 (24ms) {"timestamp":"2025-07-23T11:59:10.953Z"}
info: GET / - 200 (5ms) {"timestamp":"2025-07-23T11:59:17.798Z"}
info: 서버가 http://localhost:3000 에서 실행 중 입니다. {"timestamp":"2025-07-23T12:00:29.314Z"}
info: GET / - 200 (56ms) {"timestamp":"2025-07-23T12:01:03.321Z"}
info: GET /favicon.ico - 404 (3ms) {"timestamp":"2025-07-23T12:01:03.561Z"}
info: GET /?level=A1 - 200 (12ms) {"timestamp":"2025-07-23T12:01:45.332Z"}
info: GET /?level=C2 - 200 (5ms) {"timestamp":"2025-07-23T12:01:50.545Z"}
info: 서버가 http://localhost:3000 에서 실행 중 입니다. {"timestamp":"2025-07-23T12:02:47.708Z"}
info: GET / - 304 (27ms) {"timestamp":"2025-07-23T12:06:44.584Z"}
info: GET / - 304 (9ms) {"timestamp":"2025-07-23T12:06:44.597Z"}
info: GET / - 304 (8ms) {"timestamp":"2025-07-23T12:07:02.185Z"}
info: GET / - 304 (7ms) {"timestamp":"2025-07-23T12:07:02.196Z"}
info: GET / - 304 (7ms) {"timestamp":"2025-07-23T12:07:19.496Z"}
info: GET / - 304 (7ms) {"timestamp":"2025-07-23T12:07:19.506Z"}
info: GET / - 304 (6ms) {"timestamp":"2025-07-23T12:07:23.341Z"}
info: GET / - 304 (8ms) {"timestamp":"2025-07-23T12:07:23.350Z"}
info: GET / - 304 (9ms) {"timestamp":"2025-07-23T12:14:53.421Z"}
info: GET / - 304 (8ms) {"timestamp":"2025-07-23T12:14:53.431Z"}
info: GET / - 304 (8ms) {"timestamp":"2025-07-23T12:15:44.034Z"}
info: GET / - 304 (8ms) {"timestamp":"2025-07-23T12:15:44.044Z"}
info: GET / - 304 (6ms) {"timestamp":"2025-07-23T12:15:50.715Z"}
info: GET / - 304 (9ms) {"timestamp":"2025-07-23T12:15:50.735Z"}
info: GET / - 304 (5ms) {"timestamp":"2025-07-23T12:16:26.708Z"}
info: GET / - 304 (8ms) {"timestamp":"2025-07-23T12:16:26.717Z"}
info: GET / - 304 (8ms) {"timestamp":"2025-07-23T12:25:34.620Z"}
info: GET /stories/level/:level - 404 (2ms) {"timestamp":"2025-07-23T12:25:45.263Z"}
info: 서버가 http://localhost:3000 에서 실행 중 입니다. {"timestamp":"2025-07-23T12:34:51.235Z"}
info: GET /level/A - 500 (23ms) {"timestamp":"2025-07-23T12:34:51.392Z"}
info: 서버가 http://localhost:3000 에서 실행 중 입니다. {"timestamp":"2025-07-23T12:35:38.691Z"}
info: GET /level/A1 - 200 (26ms) {"timestamp":"2025-07-23T12:36:08.802Z"}
info: 서버가 http://localhost:3000 에서 실행 중 입니다. {"timestamp":"2025-07-23T12:36:19.371Z"}
info: GET /level/B2 - 500 (23ms) {"timestamp":"2025-07-23T12:36:24.598Z"}
info: GET /level/A1 - 500 (4ms) {"timestamp":"2025-07-23T12:36:29.196Z"}
info: GET /level/A1=A1 - 500 (5ms) {"timestamp":"2025-07-23T12:37:24.472Z"}
info: GET /level=A1 - 500 (4ms) {"timestamp":"2025-07-23T12:37:30.171Z"}
info: GET /?level=A1 - 304 (12ms) {"timestamp":"2025-07-23T12:37:39.468Z"}
info: 서버가 http://localhost:3000 에서 실행 중 입니다. {"timestamp":"2025-07-23T12:41:14.674Z"}
info: 서버가 http://localhost:3000 에서 실행 중 입니다. {"timestamp":"2025-07-23T12:41:18.626Z"}
info: 서버가 http://localhost:3000 에서 실행 중 입니다. {"timestamp":"2025-07-23T12:41:24.982Z"}
info: 서버가 http://localhost:3000 에서 실행 중 입니다. {"timestamp":"2025-07-23T12:42:05.040Z"}
info: 서버가 http://localhost:3000 에서 실행 중 입니다. {"timestamp":"2025-07-23T12:42:07.413Z"}
info: 서버가 http://localhost:3000 에서 실행 중 입니다. {"timestamp":"2025-07-23T12:42:28.149Z"}
info: 서버가 http://localhost:3000 에서 실행 중 입니다. {"timestamp":"2025-07-23T12:42:31.691Z"}
info: 서버가 http://localhost:3000 에서 실행 중 입니다. {"timestamp":"2025-07-23T12:42:35.033Z"}
info: GET /?level=A1 - 304 (22ms) {"timestamp":"2025-07-23T12:42:37.326Z"}
info: GET /?level= - 200 (6ms) {"timestamp":"2025-07-23T12:42:41.228Z"}
info: GET /?level=B2 - 200 (5ms) {"timestamp":"2025-07-23T12:42:50.961Z"}
info: GET /level=B2 - 500 (11ms) {"timestamp":"2025-07-23T12:42:56.198Z"}
info: GET /stories/level/B2 - 404 (2ms) {"timestamp":"2025-07-23T12:43:01.742Z"}
info: GET /1 - 404 (2ms) {"timestamp":"2025-07-23T12:43:54.289Z"}
info: GET /1 - 500 (4ms) {"timestamp":"2025-07-23T12:44:09.913Z"}
info: 서버가 http://localhost:3000 에서 실행 중 입니다. {"timestamp":"2025-07-23T12:44:21.377Z"}
info: 서버가 http://localhost:3000 에서 실행 중 입니다. {"timestamp":"2025-07-23T12:44:23.370Z"}
info: 서버가 http://localhost:3000 에서 실행 중 입니다. {"timestamp":"2025-07-23T12:44:27.175Z"}
info: GET /stories/1 - 404 (9ms) {"timestamp":"2025-07-23T12:44:27.274Z"}
info: GET /stories/1 - 404 (2ms) {"timestamp":"2025-07-23T12:44:29.607Z"}
info: GET /stories/1 - 404 (3ms) {"timestamp":"2025-07-23T12:44:44.211Z"}
info: 서버가 http://localhost:3000 에서 실행 중 입니다. {"timestamp":"2025-07-23T12:45:17.206Z"}
info: 서버가 http://localhost:3000 에서 실행 중 입니다. {"timestamp":"2025-07-23T12:45:29.176Z"}
info: 서버가 http://localhost:3000 에서 실행 중 입니다. {"timestamp":"2025-07-23T12:46:28.477Z"}
info: 서버가 http://localhost:3000 에서 실행 중 입니다. {"timestamp":"2025-07-23T12:46:47.342Z"}
info: GET /level/A1 - 200 (28ms) {"timestamp":"2025-07-23T12:47:42.825Z"}
info: GET /level/C2 - 200 (4ms) {"timestamp":"2025-07-23T12:47:56.471Z"}
info: 서버가 http://localhost:3000 에서 실행 중 입니다. {"timestamp":"2025-07-23T13:02:27.158Z"}
info: 서버가 http://localhost:3000 에서 실행 중 입니다. {"timestamp":"2025-07-23T13:02:37.833Z"}
info: 서버가 http://localhost:3000 에서 실행 중 입니다. {"timestamp":"2025-07-23T13:02:45.891Z"}
info: 서버가 http://localhost:3000 에서 실행 중 입니다. {"timestamp":"2025-07-23T13:59:50.450Z"}
info: 서버가 http://localhost:3000 에서 실행 중 입니다. {"timestamp":"2025-07-23T14:00:39.943Z"}
info: POST / - 500 (240ms) {"timestamp":"2025-07-23T14:00:51.525Z"}
info: POST /stories - 404 (2ms) {"timestamp":"2025-07-23T14:03:26.662Z"}
info: 서버가 http://localhost:3000 에서 실행 중 입니다. {"timestamp":"2025-07-23T14:03:58.618Z"}
info: 서버가 http://localhost:3000 에서 실행 중 입니다. {"timestamp":"2025-07-23T14:04:13.674Z"}
info: 서버가 http://localhost:3000 에서 실행 중 입니다. {"timestamp":"2025-07-23T14:04:19.275Z"}
info: POST / - 500 (49ms) {"timestamp":"2025-07-23T14:04:28.015Z"}
info: POST / - 500 (9ms) {"timestamp":"2025-07-23T14:14:08.320Z"}
info: POST / - 500 (9ms) {"timestamp":"2025-07-23T14:16:43.075Z"}
info: 서버가 http://localhost:3000 에서 실행 중 입니다. {"timestamp":"2025-07-23T14:18:13.488Z"}
info: POST / - 500 (47ms) {"timestamp":"2025-07-23T14:18:17.475Z"}
info: 서버가 http://localhost:3000 에서 실행 중 입니다. {"timestamp":"2025-07-23T14:19:52.459Z"}
info: 서버가 http://localhost:3000 에서 실행 중 입니다. {"timestamp":"2025-07-23T14:20:03.736Z"}
info: POST / - 500 (47ms) {"timestamp":"2025-07-23T14:22:59.486Z"}
info: 서버가 http://localhost:3000 에서 실행 중 입니다. {"timestamp":"2025-07-23T14:23:45.407Z"}
info: 서버가 http://localhost:3000 에서 실행 중 입니다. {"timestamp":"2025-07-23T14:23:53.923Z"}
info: POST / - 500 (46ms) {"timestamp":"2025-07-23T14:23:57.425Z"}
info: 서버가 http://localhost:3000 에서 실행 중 입니다. {"timestamp":"2025-07-23T14:26:17.835Z"}
info: 서버가 http://localhost:3000 에서 실행 중 입니다. {"timestamp":"2025-07-23T14:26:21.237Z"}
info: 서버가 http://localhost:3000 에서 실행 중 입니다. {"timestamp":"2025-07-23T14:26:29.176Z"}
info: POST / - 201 (56ms) {"timestamp":"2025-07-23T14:26:48.439Z"}
info: GET / - 404 (2ms) {"timestamp":"2025-07-23T14:29:12.624Z"}
info: 서버가 http://localhost:3000 에서 실행 중 입니다. {"timestamp":"2025-07-23T14:32:49.855Z"}
info: 서버가 http://localhost:3000 에서 실행 중 입니다. {"timestamp":"2025-07-23T14:36:33.750Z"}
info: 서버가 http://localhost:3000 에서 실행 중 입니다. {"timestamp":"2025-07-23T14:36:35.280Z"}
info: 서버가 http://localhost:3000 에서 실행 중 입니다. {"timestamp":"2025-07-23T14:36:57.106Z"}
info: 서버가 http://localhost:3000 에서 실행 중 입니다. {"timestamp":"2025-07-23T14:37:00.548Z"}
info: 서버가 http://localhost:3000 에서 실행 중 입니다. {"timestamp":"2025-07-23T14:39:41.344Z"}
info: 서버가 http://localhost:3000 에서 실행 중 입니다. {"timestamp":"2025-07-23T14:41:12.821Z"}
info: 서버가 http://localhost:3000 에서 실행 중 입니다. {"timestamp":"2025-07-23T14:41:58.130Z"}
info: 서버가 http://localhost:3000 에서 실행 중 입니다. {"timestamp":"2025-07-23T14:49:45.339Z"}
info: 서버가 http://localhost:3000 에서 실행 중 입니다. {"timestamp":"2025-07-23T14:50:35.797Z"}
info: 서버가 http://localhost:3000 에서 실행 중 입니다. {"timestamp":"2025-07-23T14:51:28.393Z"}
info: 서버가 http://localhost:3000 에서 실행 중 입니다. {"timestamp":"2025-07-23T14:51:36.741Z"}
info: 서버가 http://localhost:3000 에서 실행 중 입니다. {"timestamp":"2025-07-23T14:52:52.614Z"}
info: 서버가 http://localhost:3000 에서 실행 중 입니다. {"timestamp":"2025-07-23T15:02:48.042Z"}
info: POST / - 500 (54ms) {"timestamp":"2025-07-23T15:02:52.599Z"}
info: POST / - 500 (10ms) {"timestamp":"2025-07-23T15:02:57.411Z"}
info: 서버가 http://localhost:3000 에서 실행 중 입니다. {"timestamp":"2025-07-24T12:11:52.334Z"}
info: 서버가 http://localhost:3000 에서 실행 중 입니다. {"timestamp":"2025-07-24T12:12:40.341Z"}
info: 서버가 http://localhost:3000 에서 실행 중 입니다. {"timestamp":"2025-07-24T12:31:23.071Z"}
info: 서버가 http://localhost:3000 에서 실행 중 입니다. {"timestamp":"2025-07-24T12:34:54.921Z"}
info: GET / - 404 (9ms) {"timestamp":"2025-07-24T12:36:10.127Z"}
info: GET /favicon.ico - 404 (6ms) {"timestamp":"2025-07-24T12:36:10.314Z"}
info: 서버가 http://localhost:3000 에서 실행 중 입니다. {"timestamp":"2025-07-24T12:43:10.587Z"}
info: 서버가 http://localhost:3000 에서 실행 중 입니다. {"timestamp":"2025-07-25T01:42:10.415Z"}
info: 서버가 http://localhost:3000 에서 실행 중 입니다. {"timestamp":"2025-07-25T02:06:22.611Z"}
info: GET / - 404 (5ms) {"timestamp":"2025-07-25T02:13:42.563Z"}
info: 서버가 http://localhost:3000 에서 실행 중 입니다. {"timestamp":"2025-07-25T02:31:08.135Z"}
info: 서버가 http://localhost:3000 에서 실행 중 입니다. {"timestamp":"2025-07-25T02:34:08.334Z"}
info: 서버가 http://localhost:3000 에서 실행 중 입니다. {"timestamp":"2025-07-25T02:36:01.834Z"}
info: 서버가 http://localhost:3000 에서 실행 중 입니다. {"timestamp":"2025-07-25T02:36:10.763Z"}
info: 서버가 http://localhost:3000 에서 실행 중 입니다. {"timestamp":"2025-07-25T02:40:35.767Z"}
info: 서버가 http://localhost:3000 에서 실행 중 입니다. {"timestamp":"2025-07-25T02:40:53.627Z"}
info: 서버가 http://localhost:3000 에서 실행 중 입니다. {"timestamp":"2025-07-25T02:40:57.436Z"}
info: 서버가 http://localhost:3000 에서 실행 중 입니다. {"timestamp":"2025-07-25T02:41:06.212Z"}
info: 서버가 http://localhost:3000 에서 실행 중 입니다. {"timestamp":"2025-07-25T02:41:43.607Z"}
info: 서버가 http://localhost:3000 에서 실행 중 입니다. {"timestamp":"2025-07-25T02:41:58.209Z"}
info: 서버가 http://localhost:3000 에서 실행 중 입니다. {"timestamp":"2025-07-25T02:42:08.452Z"}
info: 서버가 http://localhost:3000 에서 실행 중 입니다. {"timestamp":"2025-07-25T02:42:13.004Z"}
info: 서버가 http://localhost:3000 에서 실행 중 입니다. {"timestamp":"2025-07-25T02:42:19.577Z"}
info: 서버가 http://localhost:3000 에서 실행 중 입니다. {"timestamp":"2025-07-25T02:42:21.382Z"}
info: 서버가 http://localhost:3000 에서 실행 중 입니다. {"timestamp":"2025-07-25T02:43:25.603Z"}
info: 서버가 http://localhost:3000 에서 실행 중 입니다. {"timestamp":"2025-07-25T02:44:14.775Z"}
info: 서버가 http://localhost:3000 에서 실행 중 입니다. {"timestamp":"2025-07-25T02:44:15.990Z"}
info: 서버가 http://localhost:3000 에서 실행 중 입니다. {"timestamp":"2025-07-25T02:44:24.564Z"}
info: 서버가 http://localhost:3000 에서 실행 중 입니다. {"timestamp":"2025-07-25T02:44:35.904Z"}
info: 서버가 http://localhost:3000 에서 실행 중 입니다. {"timestamp":"2025-07-25T02:44:41.291Z"}
info: 서버가 http://localhost:3000 에서 실행 중 입니다. {"timestamp":"2025-07-25T02:44:43.395Z"}
info: 서버가 http://localhost:3000 에서 실행 중 입니다. {"timestamp":"2025-07-25T02:45:38.385Z"}
info: 서버가 http://localhost:3000 에서 실행 중 입니다. {"timestamp":"2025-07-25T02:46:15.963Z"}
info: 서버가 http://localhost:3000 에서 실행 중 입니다. {"timestamp":"2025-07-25T02:46:40.787Z"}
info: 서버가 http://localhost:3000 에서 실행 중 입니다. {"timestamp":"2025-07-25T02:46:45.009Z"}
info: 서버가 http://localhost:3000 에서 실행 중 입니다. {"timestamp":"2025-07-25T02:47:22.590Z"}
info: 서버가 http://localhost:3000 에서 실행 중 입니다. {"timestamp":"2025-07-25T02:47:25.391Z"}
info: 서버가 http://localhost:3000 에서 실행 중 입니다. {"timestamp":"2025-07-25T02:47:40.514Z"}
info: 서버가 http://localhost:3000 에서 실행 중 입니다. {"timestamp":"2025-07-25T02:47:42.099Z"}
info: 서버가 http://localhost:3000 에서 실행 중 입니다. {"timestamp":"2025-07-25T02:47:46.014Z"}
info: 서버가 http://localhost:3000 에서 실행 중 입니다. {"timestamp":"2025-07-25T02:47:47.889Z"}
info: 서버가 http://localhost:3000 에서 실행 중 입니다. {"timestamp":"2025-07-25T02:48:42.498Z"}
info: 서버가 http://localhost:3000 에서 실행 중 입니다. {"timestamp":"2025-07-25T02:48:46.881Z"}
info: 서버가 http://localhost:3000 에서 실행 중 입니다. {"timestamp":"2025-07-25T02:49:24.712Z"}
info: 서버가 http://localhost:3000 에서 실행 중 입니다. {"timestamp":"2025-07-25T02:52:39.717Z"}
info: 서버가 http://localhost:3000 에서 실행 중 입니다. {"timestamp":"2025-07-25T02:53:33.390Z"}
info: 서버가 http://localhost:3000 에서 실행 중 입니다. {"timestamp":"2025-07-25T02:53:37.263Z"}
info: 서버가 http://localhost:3000 에서 실행 중 입니다. {"timestamp":"2025-07-25T02:53:40.013Z"}
info: 서버가 http://localhost:3000 에서 실행 중 입니다. {"timestamp":"2025-07-25T02:55:36.455Z"}
info: 서버가 http://localhost:3000 에서 실행 중 입니다. {"timestamp":"2025-07-25T02:56:23.650Z"}
info: 서버가 http://localhost:3000 에서 실행 중 입니다. {"timestamp":"2025-07-25T02:56:29.924Z"}
info: 서버가 http://localhost:3000 에서 실행 중 입니다. {"timestamp":"2025-07-25T02:56:32.531Z"}
info: 서버가 http://localhost:3000 에서 실행 중 입니다. {"timestamp":"2025-07-25T02:56:34.752Z"}
info: 서버가 http://localhost:3000 에서 실행 중 입니다. {"timestamp":"2025-07-25T02:56:37.692Z"}
info: 서버가 http://localhost:3000 에서 실행 중 입니다. {"timestamp":"2025-07-25T02:57:01.133Z"}
info: 서버가 http://localhost:3000 에서 실행 중 입니다. {"timestamp":"2025-07-25T02:57:59.666Z"}
info: 서버가 http://localhost:3000 에서 실행 중 입니다. {"timestamp":"2025-07-25T02:58:11.972Z"}
info: 서버가 http://localhost:3000 에서 실행 중 입니다. {"timestamp":"2025-07-25T02:58:13.415Z"}
info: 서버가 http://localhost:3000 에서 실행 중 입니다. {"timestamp":"2025-07-25T02:58:17.408Z"}
info: 서버가 http://localhost:3000 에서 실행 중 입니다. {"timestamp":"2025-07-25T02:58:23.506Z"}
info: 서버가 http://localhost:3000 에서 실행 중 입니다. {"timestamp":"2025-07-25T03:00:03.594Z"}
info: 서버가 http://localhost:3000 에서 실행 중 입니다. {"timestamp":"2025-07-25T03:00:47.655Z"}
info: 서버가 http://localhost:3000 에서 실행 중 입니다. {"timestamp":"2025-07-25T03:00:58.215Z"}
info: 서버가 http://localhost:3000 에서 실행 중 입니다. {"timestamp":"2025-07-25T03:01:01.278Z"}
info: 서버가 http://localhost:3000 에서 실행 중 입니다. {"timestamp":"2025-07-25T03:01:35.673Z"}
info: 서버가 http://localhost:3000 에서 실행 중 입니다. {"timestamp":"2025-07-25T03:02:02.666Z"}
info: 서버가 http://localhost:3000 에서 실행 중 입니다. {"timestamp":"2025-07-25T03:27:46.246Z"}
info: 서버가 http://localhost:3000 에서 실행 중 입니다. {"timestamp":"2025-07-25T03:27:48.956Z"}
info: 서버가 http://localhost:3000 에서 실행 중 입니다. {"timestamp":"2025-07-25T03:30:48.231Z"}
info: 서버가 http://localhost:3000 에서 실행 중입니다. {"timestamp":"2025-07-25T03:32:14.860Z"}
info: 서버가 http://localhost:3000 에서 실행 중입니다. {"timestamp":"2025-07-25T03:32:20.306Z"}
info: 서버가 http://localhost:3000 에서 실행 중입니다. {"timestamp":"2025-07-25T03:32:36.396Z"}
info: 서버가 http://localhost:3000 에서 실행 중입니다. {"timestamp":"2025-07-25T03:37:11.336Z"}
error: Server startup failed {"error":"database \"agelin\" does not exist","timestamp":"2025-07-25T03:38:40.529Z"}
error: Server startup failed {"error":"role \"postgres\" does not exist","timestamp":"2025-07-25T04:16:22.794Z"}
error: Server startup failed {"error":"role \"postgres\" does not exist","timestamp":"2025-07-25T04:17:00.037Z"}
error: Server startup failed {"error":"role \"postgres\" does not exist","timestamp":"2025-07-25T04:24:09.167Z"}
